<?xml version="1.0" encoding="UTF-8"?>
<testng-results ignored="0" total="1" passed="0" failed="1" skipped="0">
  <reporter-output>
  </reporter-output>
  <suite started-at="2024-06-02T13:52:17 IDT" name="RunUI" finished-at="2024-06-02T13:52:21 IDT" duration-ms="4037">
    <groups>
    </groups>
    <test started-at="2024-06-02T13:52:17 IDT" name="Web" finished-at="2024-06-02T13:52:21 IDT" duration-ms="4037">
      <class name="CarRentalMain">
        <test-method is-config="true" signature="startSuite()[pri:0, instance:CarRentalMain@1ab3a8c8]" started-at="2024-06-02T13:52:15 IDT" name="startSuite" finished-at="2024-06-02T13:52:17 IDT" duration-ms="2340" status="PASS">
          <reporter-output>
          </reporter-output>
        </test-method> <!-- startSuite -->
        <test-method is-config="true" signature="beforeTestMethod(java.lang.reflect.Method)[pri:0, instance:CarRentalMain@1ab3a8c8]" started-at="2024-06-02T13:52:17 IDT" name="beforeTestMethod" finished-at="2024-06-02T13:52:21 IDT" duration-ms="3720" status="PASS">
          <params>
            <param index="0">
              <value>
                <![CDATA[public static void CarRentalMain.EldanCarRentalStatus()]]>
              </value>
            </param>
          </params>
          <reporter-output>
          </reporter-output>
        </test-method> <!-- beforeTestMethod -->
        <test-method signature="EldanCarRentalStatus()[pri:0, instance:CarRentalMain@1ab3a8c8]" started-at="2024-06-02T13:52:21 IDT" name="EldanCarRentalStatus" finished-at="2024-06-02T13:52:21 IDT" duration-ms="276" status="FAIL">
          <exception class="java.lang.AssertionError">
            <message>
              <![CDATA[java.lang.AssertionError: Expected condition failed: Fluent wait to element 'Proxy element for: DefaultElementLocator 'By.className: main-banner-areaa'' to be visible (tried for 0 second(s) with 350 milliseconds interval)Step failed - Error while Asserting element: Pickup location field display]]>
            </message>
            <full-stacktrace>
              <![CDATA[java.lang.AssertionError: java.lang.AssertionError: Expected condition failed: Fluent wait to element 'Proxy element for: DefaultElementLocator 'By.className: main-banner-areaa'' to be visible (tried for 0 second(s) with 350 milliseconds interval)Step failed - Error while Asserting element: Pickup location field display
at org.testng.Assert.fail(Assert.java:111)
at Extensions.Click.Verify.elementExists(Verify.java:21)
at PageObjects.CarRental.HomePage.goToHomPage(HomePage.java:14)
at CarRentalMain.EldanCarRentalStatus(CarRentalMain.java:9)
at java.base/jdk.internal.reflect.NativeMethodAccessorImpl.invoke0(Native Method)
at java.base/jdk.internal.reflect.NativeMethodAccessorImpl.invoke(NativeMethodAccessorImpl.java:77)
at java.base/jdk.internal.reflect.DelegatingMethodAccessorImpl.invoke(DelegatingMethodAccessorImpl.java:43)
at java.base/java.lang.reflect.Method.invoke(Method.java:568)
at org.testng.internal.invokers.MethodInvocationHelper.invokeMethod(MethodInvocationHelper.java:139)
at org.testng.internal.invokers.TestInvoker.invokeMethod(TestInvoker.java:664)
at org.testng.internal.invokers.TestInvoker.invokeTestMethod(TestInvoker.java:227)
at org.testng.internal.invokers.MethodRunner.runInSequence(MethodRunner.java:50)
at org.testng.internal.invokers.TestInvoker$MethodInvocationAgent.invoke(TestInvoker.java:957)
at org.testng.internal.invokers.TestInvoker.invokeTestMethods(TestInvoker.java:200)
at org.testng.internal.invokers.TestMethodWorker.invokeTestMethods(TestMethodWorker.java:148)
at org.testng.internal.invokers.TestMethodWorker.run(TestMethodWorker.java:128)
at java.base/java.util.ArrayList.forEach(ArrayList.java:1511)
at org.testng.TestRunner.privateRun(TestRunner.java:848)
at org.testng.TestRunner.run(TestRunner.java:621)
at org.testng.SuiteRunner.runTest(SuiteRunner.java:443)
at org.testng.SuiteRunner.runSequentially(SuiteRunner.java:437)
at org.testng.SuiteRunner.privateRun(SuiteRunner.java:397)
at org.testng.SuiteRunner.run(SuiteRunner.java:336)
at org.testng.SuiteRunnerWorker.runSuite(SuiteRunnerWorker.java:52)
at org.testng.SuiteRunnerWorker.run(SuiteRunnerWorker.java:95)
at org.testng.TestNG.runSuitesSequentially(TestNG.java:1280)
at org.testng.TestNG.runSuitesLocally(TestNG.java:1200)
at org.testng.TestNG.runSuites(TestNG.java:1114)
at org.testng.TestNG.run(TestNG.java:1082)
at org.apache.maven.surefire.testng.TestNGExecutor.run(TestNGExecutor.java:284)
at org.apache.maven.surefire.testng.TestNGXmlTestSuite.execute(TestNGXmlTestSuite.java:75)
at org.apache.maven.surefire.testng.TestNGProvider.invoke(TestNGProvider.java:119)
at org.apache.maven.surefire.booter.ForkedBooter.runSuitesInProcess(ForkedBooter.java:428)
at org.apache.maven.surefire.booter.ForkedBooter.execute(ForkedBooter.java:162)
at org.apache.maven.surefire.booter.ForkedBooter.run(ForkedBooter.java:562)
at org.apache.maven.surefire.booter.ForkedBooter.main(ForkedBooter.java:548)
]]>
            </full-stacktrace>
          </exception> <!-- java.lang.AssertionError -->
          <reporter-output>
          </reporter-output>
        </test-method> <!-- EldanCarRentalStatus -->
        <test-method is-config="true" signature="afterTestMethod(org.testng.ITestResult)[pri:0, instance:CarRentalMain@1ab3a8c8]" started-at="2024-06-02T13:52:21 IDT" name="afterTestMethod" finished-at="2024-06-02T13:52:21 IDT" duration-ms="1" status="PASS">
          <params>
            <param index="0">
              <value>
                <![CDATA[[TestResult name=EldanCarRentalStatus status=FAILURE method=CarRentalMain.EldanCarRentalStatus()[pri:0, instance:CarRentalMain@1ab3a8c8] output={null}]]]>
              </value>
            </param>
          </params>
          <reporter-output>
          </reporter-output>
        </test-method> <!-- afterTestMethod -->
        <test-method is-config="true" signature="afterTestSuite()[pri:0, instance:CarRentalMain@1ab3a8c8]" started-at="2024-06-02T13:52:21 IDT" name="afterTestSuite" finished-at="2024-06-02T13:52:22 IDT" duration-ms="866" status="PASS">
          <reporter-output>
          </reporter-output>
        </test-method> <!-- afterTestSuite -->
      </class> <!-- CarRentalMain -->
    </test> <!-- Web -->
  </suite> <!-- RunUI -->
</testng-results>
